2018-05-17 05:45:51,010 ERROR: Exception on /index [GET] [in /Users/noahjohnson/Documents/GitHub/CS330-Final-Project/virtualenviroments/skal/skal/lib/python3.6/site-packages/flask/app.py:1761]
Traceback (most recent call last):
  File "/Users/noahjohnson/Documents/GitHub/CS330-Final-Project/virtualenviroments/skal/skal/lib/python3.6/site-packages/flask/app.py", line 2292, in wsgi_app
    response = self.full_dispatch_request()
  File "/Users/noahjohnson/Documents/GitHub/CS330-Final-Project/virtualenviroments/skal/skal/lib/python3.6/site-packages/flask/app.py", line 1815, in full_dispatch_request
    rv = self.handle_user_exception(e)
  File "/Users/noahjohnson/Documents/GitHub/CS330-Final-Project/virtualenviroments/skal/skal/lib/python3.6/site-packages/flask/app.py", line 1718, in handle_user_exception
    reraise(exc_type, exc_value, tb)
  File "/Users/noahjohnson/Documents/GitHub/CS330-Final-Project/virtualenviroments/skal/skal/lib/python3.6/site-packages/flask/_compat.py", line 35, in reraise
    raise value
  File "/Users/noahjohnson/Documents/GitHub/CS330-Final-Project/virtualenviroments/skal/skal/lib/python3.6/site-packages/flask/app.py", line 1813, in full_dispatch_request
    rv = self.dispatch_request()
  File "/Users/noahjohnson/Documents/GitHub/CS330-Final-Project/virtualenviroments/skal/skal/lib/python3.6/site-packages/flask/app.py", line 1799, in dispatch_request
    return self.view_functions[rule.endpoint](**req.view_args)
  File "/Users/noahjohnson/Documents/GitHub/CS330-Final-Project/virtualenviroments/skal/skal/lib/python3.6/site-packages/flask_login/utils.py", line 260, in decorated_view
    return current_app.login_manager.unauthorized()
  File "/Users/noahjohnson/Documents/GitHub/CS330-Final-Project/virtualenviroments/skal/skal/lib/python3.6/site-packages/flask_login/login_manager.py", line 167, in unauthorized
    flash(self.login_message, category=self.login_message_category)
  File "/Users/noahjohnson/Documents/GitHub/CS330-Final-Project/virtualenviroments/skal/skal/lib/python3.6/site-packages/flask/helpers.py", line 410, in flash
    session['_flashes'] = flashes
  File "/Users/noahjohnson/Documents/GitHub/CS330-Final-Project/virtualenviroments/skal/skal/lib/python3.6/site-packages/werkzeug/local.py", line 350, in __setitem__
    self._get_current_object()[key] = value
  File "/Users/noahjohnson/Documents/GitHub/CS330-Final-Project/virtualenviroments/skal/skal/lib/python3.6/site-packages/flask/sessions.py", line 101, in _fail
    raise RuntimeError('The session is unavailable because no secret '
RuntimeError: The session is unavailable because no secret key was set.  Set the secret_key on the application to something unique and secret.
2018-05-17 05:46:18,881 INFO: Skal startup [in /Users/noahjohnson/Documents/GitHub/CS330-Final-Project/virtualenviroments/skal/app/__init__.py:70]
2018-05-17 06:03:01,067 INFO: Skal startup [in /Users/noahjohnson/Documents/GitHub/CS330-Final-Project/virtualenviroments/skal/app/__init__.py:75]
2018-05-17 06:04:14,244 INFO: Skal startup [in /Users/noahjohnson/Documents/GitHub/CS330-Final-Project/virtualenviroments/skal/app/__init__.py:75]
2018-05-17 06:04:23,280 INFO: Skal startup [in /Users/noahjohnson/Documents/GitHub/CS330-Final-Project/virtualenviroments/skal/app/__init__.py:75]
2018-05-17 06:04:53,669 INFO: Skal startup [in /Users/noahjohnson/Documents/GitHub/CS330-Final-Project/virtualenviroments/skal/app/__init__.py:75]
2018-05-17 06:04:59,065 INFO: Skal startup [in /Users/noahjohnson/Documents/GitHub/CS330-Final-Project/virtualenviroments/skal/app/__init__.py:75]
2018-05-17 06:07:34,894 INFO: Skal startup [in /Users/noahjohnson/Documents/GitHub/CS330-Final-Project/virtualenviroments/skal/app/__init__.py:75]
2018-05-17 06:07:47,505 INFO: Skal startup [in /Users/noahjohnson/Documents/GitHub/CS330-Final-Project/virtualenviroments/skal/app/__init__.py:75]
2018-05-17 06:08:35,330 INFO: Skal startup [in /Users/noahjohnson/Documents/GitHub/CS330-Final-Project/virtualenviroments/skal/app/__init__.py:75]
2018-05-17 06:08:40,872 INFO: Skal startup [in /Users/noahjohnson/Documents/GitHub/CS330-Final-Project/virtualenviroments/skal/app/__init__.py:75]
